TN:
SF:src\feature\post\postSlice.js
FN:16,(anonymous_0)
FN:19,(anonymous_1)
FN:24,(anonymous_2)
FN:28,(anonymous_3)
FN:32,(anonymous_4)
FN:35,(anonymous_5)
FN:39,(anonymous_6)
FN:44,(anonymous_7)
FNF:8
FNH:7
FNDA:4,(anonymous_0)
FNDA:7,(anonymous_1)
FNDA:1,(anonymous_2)
FNDA:1,(anonymous_3)
FNDA:0,(anonymous_4)
FNDA:1,(anonymous_5)
FNDA:1,(anonymous_6)
FNDA:1,(anonymous_7)
DA:3,1
DA:12,1
DA:17,4
DA:20,7
DA:21,7
DA:22,7
DA:25,1
DA:26,1
DA:29,1
DA:30,1
DA:33,0
DA:36,1
DA:37,1
DA:40,1
DA:41,1
DA:42,1
DA:45,1
DA:52,1
LF:18
LH:17
BRF:0
BRH:0
end_of_record
TN:
SF:src\feature\register\registerSlice.js
FN:28,(anonymous_0)
FN:44,(anonymous_1)
FN:47,(anonymous_2)
FN:58,(anonymous_3)
FNF:4
FNH:3
FNDA:1,(anonymous_0)
FNDA:0,(anonymous_1)
FNDA:1,(anonymous_2)
FNDA:3,(anonymous_3)
DA:4,1
DA:5,1
DA:6,1
DA:7,1
DA:8,1
DA:11,1
DA:24,1
DA:29,1
DA:30,1
DA:31,1
DA:32,1
DA:33,1
DA:34,1
DA:35,1
DA:36,1
DA:37,1
DA:38,1
DA:39,1
DA:40,1
DA:41,1
DA:45,0
DA:48,1
DA:49,1
DA:50,1
DA:51,1
DA:52,1
DA:53,1
DA:54,1
DA:55,1
DA:56,1
DA:60,3
DA:62,1
DA:63,1
DA:65,1
DA:67,1
DA:68,1
DA:70,1
DA:72,1
DA:73,1
DA:75,1
DA:77,0
DA:78,0
DA:80,0
DA:82,0
DA:83,0
DA:85,0
DA:87,0
DA:94,1
LF:48
LH:40
BRDA:30,0,0,1
BRDA:30,0,1,0
BRDA:32,1,0,1
BRDA:32,1,1,0
BRDA:34,2,0,1
BRDA:34,2,1,0
BRDA:36,3,0,1
BRDA:36,3,1,0
BRDA:38,4,0,1
BRDA:38,4,1,0
BRDA:40,5,0,1
BRDA:40,5,1,0
BRDA:60,6,0,1
BRDA:60,6,1,1
BRDA:60,6,2,1
BRDA:60,6,3,0
BRDA:60,6,4,0
BRDA:60,6,5,0
BRF:18
BRH:9
end_of_record
